2025-01-17 00:02:15,188 INFO o.h.v.i.u.Version [background-preinit] HV000001: Hibernate Validator 8.0.2.Final
2025-01-17 00:02:15,226 INFO o.s.b.StartupInfoLogger [main] Starting PriceControllerIntegrationTest using Java 17.0.8 with PID 10960 (started by JULIO MARTINEZ in D:\DOCUMENTOS\BCNC_GROUP\ecommerce-price\infrastructure)
2025-01-17 00:02:15,230 DEBUG o.s.b.StartupInfoLogger [main] Running with Spring Boot v3.4.1, Spring v6.2.1
2025-01-17 00:02:15,232 INFO o.s.b.SpringApplication [main] The following 1 profile is active: "test"
2025-01-17 00:02:16,211 INFO o.s.d.r.c.RepositoryConfigurationDelegate [main] Bootstrapping Spring Data JPA repositories in DEFAULT mode.
2025-01-17 00:02:16,273 INFO o.s.d.r.c.RepositoryConfigurationDelegate [main] Finished Spring Data repository scanning in 49 ms. Found 2 JPA repository interfaces.
2025-01-17 00:02:17,061 INFO o.s.b.w.e.t.TomcatWebServer [main] Tomcat initialized with port 0 (http)
2025-01-17 00:02:17,081 INFO o.a.j.l.DirectJDKLog [main] Initializing ProtocolHandler ["http-nio-auto-1"]
2025-01-17 00:02:17,084 INFO o.a.j.l.DirectJDKLog [main] Starting service [Tomcat]
2025-01-17 00:02:17,084 INFO o.a.j.l.DirectJDKLog [main] Starting Servlet engine: [Apache Tomcat/10.1.34]
2025-01-17 00:02:17,157 INFO o.a.j.l.DirectJDKLog [main] Initializing Spring embedded WebApplicationContext
2025-01-17 00:02:17,159 INFO o.s.b.w.s.c.ServletWebServerApplicationContext [main] Root WebApplicationContext: initialization completed in 1906 ms
2025-01-17 00:02:17,446 INFO c.z.h.HikariDataSource [main] HikariPool-1 - Starting...
2025-01-17 00:02:17,655 INFO c.z.h.p.HikariPool [main] HikariPool-1 - Added connection conn0: url=jdbc:h2:mem:prices user=SA
2025-01-17 00:02:17,658 INFO c.z.h.HikariDataSource [main] HikariPool-1 - Start completed.
2025-01-17 00:02:17,795 INFO o.h.j.i.u.LogHelper [main] HHH000204: Processing PersistenceUnitInfo [name: default]
2025-01-17 00:02:17,872 INFO o.h.Version [main] HHH000412: Hibernate ORM core version 6.6.4.Final
2025-01-17 00:02:17,921 INFO o.h.c.i.RegionFactoryInitiator [main] HHH000026: Second-level cache disabled
2025-01-17 00:02:18,250 INFO o.s.o.j.p.SpringPersistenceUnitInfo [main] No LoadTimeWeaver setup: ignoring JPA class transformer
2025-01-17 00:02:18,343 INFO o.h.e.j.e.i.JdbcEnvironmentInitiator [main] HHH10001005: Database info:
	Database JDBC URL [Connecting through datasource 'HikariDataSource (HikariPool-1)']
	Database driver: undefined/unknown
	Database version: 2.3.232
	Autocommit mode: undefined/unknown
	Isolation level: undefined/unknown
	Minimum pool size: undefined/unknown
	Maximum pool size: undefined/unknown
2025-01-17 00:02:19,307 INFO o.h.e.t.j.p.i.JtaPlatformInitiator [main] HHH000489: No JTA platform available (set 'hibernate.transaction.jta.platform' to enable JTA platform integration)
2025-01-17 00:02:19,351 INFO o.s.o.j.AbstractEntityManagerFactoryBean [main] Initialized JPA EntityManagerFactory for persistence unit 'default'
2025-01-17 00:02:19,668 INFO o.s.d.j.r.q.QueryEnhancerFactory [main] Hibernate is in classpath; If applicable, HQL parser will be used.
2025-01-17 00:02:20,367 WARN o.s.b.a.o.j.JpaBaseConfiguration$JpaWebConfiguration [main] spring.jpa.open-in-view is enabled by default. Therefore, database queries may be performed during view rendering. Explicitly configure spring.jpa.open-in-view to disable this warning
2025-01-17 00:02:21,077 INFO o.s.b.a.h.H2ConsoleAutoConfiguration$H2ConsoleLogger [main] H2 console available at '/h2'. Database available at 'jdbc:h2:mem:prices'
2025-01-17 00:02:21,108 INFO o.s.b.a.e.w.EndpointLinksResolver [main] Exposing 1 endpoint beneath base path '/actuator'
2025-01-17 00:02:21,301 INFO o.a.j.l.DirectJDKLog [main] Starting ProtocolHandler ["http-nio-auto-1"]
2025-01-17 00:02:21,314 INFO o.s.b.w.e.t.TomcatWebServer [main] Tomcat started on port 52721 (http) with context path '/api/v1'
2025-01-17 00:02:21,329 INFO o.s.b.StartupInfoLogger [main] Started PriceControllerIntegrationTest in 6.522 seconds (process running for 7.691)
2025-01-17 00:02:21,890 INFO o.a.j.l.DirectJDKLog [http-nio-auto-1-exec-1] Initializing Spring DispatcherServlet 'dispatcherServlet'
2025-01-17 00:02:21,890 INFO o.s.w.s.FrameworkServlet [http-nio-auto-1-exec-1] Initializing Servlet 'dispatcherServlet'
2025-01-17 00:02:21,891 INFO o.s.w.s.FrameworkServlet [http-nio-auto-1-exec-1] Completed initialization in 1 ms
2025-01-17 00:02:21,939 INFO c.b.i.r.PriceController [http-nio-auto-1-exec-1] Executing getPrices from Controller
2025-01-17 00:02:22,282 INFO o.s.b.w.e.t.GracefulShutdown [SpringApplicationShutdownHook] Commencing graceful shutdown. Waiting for active requests to complete
2025-01-17 00:02:22,332 INFO o.s.b.w.e.t.GracefulShutdown [tomcat-shutdown] Graceful shutdown complete
2025-01-17 00:02:22,337 INFO o.s.o.j.AbstractEntityManagerFactoryBean [SpringApplicationShutdownHook] Closing JPA EntityManagerFactory for persistence unit 'default'
2025-01-17 00:02:22,340 INFO c.z.h.HikariDataSource [SpringApplicationShutdownHook] HikariPool-1 - Shutdown initiated...
2025-01-17 00:02:22,344 INFO c.z.h.HikariDataSource [SpringApplicationShutdownHook] HikariPool-1 - Shutdown completed.
